<?xml version="1.0" encoding="UTF-8"?>
<testsuite xmlns:xsi="http://www.w3.org/2001/XMLSchema-instance" xsi:noNamespaceSchemaLocation="https://maven.apache.org/surefire/maven-surefire-plugin/xsd/surefire-test-report-3.0.xsd" version="3.0" name="br.com.rodrigo.desafio_todolist.DesafioTodolistApplicationTests" time="17.409" tests="2" errors="0" skipped="0" failures="0">
  <properties>
[...]
</properties>
  <testcase name="TestCreateTodoFailure" classname="br.com.rodrigo.desafio_todolist.DesafioTodolistApplicationTests" time="2.75">
    <system-out><![CDATA[00:36:38.969 [main] INFO org.springframework.test.context.support.AnnotationConfigContextLoaderUtils -- Could not detect default configuration classes for test class [br.com.rodrigo.desafio_todolist.DesafioTodolistApplicationTests]: DesafioTodolistApplicationTests does not declare any static, non-private, non-final, nested classes annotated with @Configuration.
00:36:39.256 [main] INFO org.springframework.boot.test.context.SpringBootTestContextBootstrapper -- Found @SpringBootConfiguration br.com.rodrigo.desafio_todolist.DesafioTodolistApplication for test class br.com.rodrigo.desafio_todolist.DesafioTodolistApplicationTests
00:36:39.746 [main] INFO org.springframework.boot.devtools.restart.RestartApplicationListener -- Restart disabled due to context in which it is running

  .   ____          _            __ _ _
 /\\ / ___'_ __ _ _(_)_ __  __ _ \ \ \ \
( ( )\___ | '_ | '_| | '_ \/ _` | \ \ \ \
 \\/  ___)| |_)| | | | | || (_| |  ) ) ) )
  '  |____| .__|_| |_|_| |_\__, | / / / /
 =========|_|==============|___/=/_/_/_/

 :: Spring Boot ::                (v3.3.1)

2024-07-18T00:36:40.389-03:00  INFO 11048 --- [           main] b.c.r.d.DesafioTodolistApplicationTests  : Starting DesafioTodolistApplicationTests using Java 17.0.11 with PID 11048 (started by Rodrigo2-PC in C:\Users\Rodrigo2-PC\Desktop\DIO\desafio-todolist)
2024-07-18T00:36:40.392-03:00  INFO 11048 --- [           main] b.c.r.d.DesafioTodolistApplicationTests  : No active profile set, falling back to 1 default profile: "default"
2024-07-18T00:36:42.626-03:00  INFO 11048 --- [           main] .s.d.r.c.RepositoryConfigurationDelegate : Bootstrapping Spring Data JPA repositories in DEFAULT mode.
2024-07-18T00:36:43.046-03:00  INFO 11048 --- [           main] .s.d.r.c.RepositoryConfigurationDelegate : Finished Spring Data repository scanning in 393 ms. Found 1 JPA repository interface.
2024-07-18T00:36:44.778-03:00  INFO 11048 --- [           main] o.s.b.w.embedded.tomcat.TomcatWebServer  : Tomcat initialized with port 0 (http)
2024-07-18T00:36:44.826-03:00  INFO 11048 --- [           main] o.apache.catalina.core.StandardService   : Starting service [Tomcat]
2024-07-18T00:36:44.827-03:00  INFO 11048 --- [           main] o.apache.catalina.core.StandardEngine    : Starting Servlet engine: [Apache Tomcat/10.1.25]
2024-07-18T00:36:45.056-03:00  INFO 11048 --- [           main] o.a.c.c.C.[Tomcat].[localhost].[/]       : Initializing Spring embedded WebApplicationContext
2024-07-18T00:36:45.059-03:00  INFO 11048 --- [           main] w.s.c.ServletWebServerApplicationContext : Root WebApplicationContext: initialization completed in 4601 ms
2024-07-18T00:36:45.408-03:00  INFO 11048 --- [           main] com.zaxxer.hikari.HikariDataSource       : HikariPool-1 - Starting...
2024-07-18T00:36:46.045-03:00  INFO 11048 --- [           main] com.zaxxer.hikari.pool.HikariPool        : HikariPool-1 - Added connection conn0: url=jdbc:h2:mem:5175dab9-d37c-4b14-adf9-29c33add2082 user=SA
2024-07-18T00:36:46.048-03:00  INFO 11048 --- [           main] com.zaxxer.hikari.HikariDataSource       : HikariPool-1 - Start completed.
2024-07-18T00:36:46.180-03:00  INFO 11048 --- [           main] o.hibernate.jpa.internal.util.LogHelper  : HHH000204: Processing PersistenceUnitInfo [name: default]
2024-07-18T00:36:46.410-03:00  INFO 11048 --- [           main] org.hibernate.Version                    : HHH000412: Hibernate ORM core version 6.5.2.Final
2024-07-18T00:36:46.540-03:00  INFO 11048 --- [           main] o.h.c.internal.RegionFactoryInitiator    : HHH000026: Second-level cache disabled
2024-07-18T00:36:47.598-03:00  INFO 11048 --- [           main] o.s.o.j.p.SpringPersistenceUnitInfo      : No LoadTimeWeaver setup: ignoring JPA class transformer
2024-07-18T00:36:49.938-03:00  INFO 11048 --- [           main] o.h.e.t.j.p.i.JtaPlatformInitiator       : HHH000489: No JTA platform available (set 'hibernate.transaction.jta.platform' to enable JTA platform integration)
2024-07-18T00:36:50.018-03:00  INFO 11048 --- [           main] j.LocalContainerEntityManagerFactoryBean : Initialized JPA EntityManagerFactory for persistence unit 'default'
2024-07-18T00:36:50.911-03:00  WARN 11048 --- [           main] JpaBaseConfiguration$JpaWebConfiguration : spring.jpa.open-in-view is enabled by default. Therefore, database queries may be performed during view rendering. Explicitly configure spring.jpa.open-in-view to disable this warning
2024-07-18T00:36:52.059-03:00  INFO 11048 --- [           main] o.s.b.w.embedded.tomcat.TomcatWebServer  : Tomcat started on port 62372 (http) with context path '/'
2024-07-18T00:36:52.077-03:00  INFO 11048 --- [           main] b.c.r.d.DesafioTodolistApplicationTests  : Started DesafioTodolistApplicationTests in 12.367 seconds (process running for 14.977)
2024-07-18T00:36:54.764-03:00  INFO 11048 --- [o-auto-1-exec-2] o.a.c.c.C.[Tomcat].[localhost].[/]       : Initializing Spring DispatcherServlet 'dispatcherServlet'
2024-07-18T00:36:54.765-03:00  INFO 11048 --- [o-auto-1-exec-2] o.s.web.servlet.DispatcherServlet        : Initializing Servlet 'dispatcherServlet'
2024-07-18T00:36:54.768-03:00  INFO 11048 --- [o-auto-1-exec-2] o.s.web.servlet.DispatcherServlet        : Completed initialization in 3 ms
2024-07-18T00:36:55.061-03:00  WARN 11048 --- [o-auto-1-exec-2] .w.s.m.s.DefaultHandlerExceptionResolver : Resolved [org.springframework.web.bind.MethodArgumentNotValidException: Validation failed for argument [0] in java.util.List<br.com.rodrigo.desafio_todolist.entity.Todo> br.com.rodrigo.desafio_todolist.controller.TodoController.create(br.com.rodrigo.desafio_todolist.entity.Todo) with 2 errors: [Field error in object 'todo' on field 'description': rejected value []; codes [NotBlank.todo.description,NotBlank.description,NotBlank.java.lang.String,NotBlank]; arguments [org.springframework.context.support.DefaultMessageSourceResolvable: codes [todo.description,description]; arguments []; default message [description]]; default message [não deve estar em branco]] [Field error in object 'todo' on field 'name': rejected value []; codes [NotBlank.todo.name,NotBlank.name,NotBlank.java.lang.String,NotBlank]; arguments [org.springframework.context.support.DefaultMessageSourceResolvable: codes [todo.name,name]; arguments []; default message [name]]; default message [não deve estar em branco]] ]
]]></system-out>
  </testcase>
  <testcase name="TestCreateTodoSuccess" classname="br.com.rodrigo.desafio_todolist.DesafioTodolistApplicationTests" time="0.717"/>
</testsuite>